<?xml version="1.0" encoding="UTF-8"?>
<testng-results ignored="0" total="1" passed="1" failed="0" skipped="0">
  <reporter-output>
  </reporter-output>
  <suite started-at="2022-11-20T21:47:07 IST" name="Sample Suite" finished-at="2022-11-20T21:47:27 IST" duration-ms="20028">
    <groups>
    </groups>
    <test started-at="2022-11-20T21:47:07 IST" name="Test" finished-at="2022-11-20T21:47:27 IST" duration-ms="20028">
      <class name="test.SupportScenarioTests">
        <test-method is-config="true" signature="setUp()[pri:0, instance:test.SupportScenarioTests@2ea6137]" started-at="2022-11-20T21:47:07 IST" name="setUp" finished-at="2022-11-20T21:47:22 IST" duration-ms="15064" status="PASS">
          <reporter-output>
          </reporter-output>
        </test-method> <!-- setUp -->
        <test-method signature="validateYesAndNoButtonExistOnHelpChargingPage()[pri:0, instance:test.SupportScenarioTests@2ea6137]" started-at="2022-11-20T21:47:22 IST" name="validateYesAndNoButtonExistOnHelpChargingPage" finished-at="2022-11-20T21:47:27 IST" duration-ms="4760" status="PASS">
          <reporter-output>
          </reporter-output>
        </test-method> <!-- validateYesAndNoButtonExistOnHelpChargingPage -->
        <test-method is-config="true" signature="tearDown()[pri:0, instance:test.SupportScenarioTests@2ea6137]" started-at="2022-11-20T21:47:27 IST" name="tearDown" finished-at="2022-11-20T21:47:27 IST" duration-ms="177" status="PASS">
          <reporter-output>
          </reporter-output>
        </test-method> <!-- tearDown -->
      </class> <!-- test.SupportScenarioTests -->
    </test> <!-- Test -->
  </suite> <!-- Sample Suite -->
</testng-results>
